Vivado Simulator v2025.2
Copyright 1986-2022 Xilinx, Inc. All Rights Reserved.
Copyright 2022-2025 Advanced Micro Devices, Inc. All Rights Reserved.
Running: C:/AMDDesignTools/2025.2/Vivado/bin/unwrapped/win64.o/xelab.exe --incr --debug typical --relax --mt 2 -L xil_defaultlib -L uvm -L unisims_ver -L unimacro_ver -L secureip --snapshot aes_tb_behav xil_defaultlib.aes_tb xil_defaultlib.glbl -log elaborate.log 
Using 2 slave threads.
Starting static elaboration
Pass Through NonSizing Optimizer
Completed static elaboration
Starting simulation data flow analysis
WARNING: [XSIM 43-4099] "C:/Users/varad/OneDrive/Documents/Coding/AES/aes_types_pkg.sv" Line 1. Module aes_types_pkg doesn't have a timescale but at least one module in design has a timescale.
Completed simulation data flow analysis
Time Resolution for simulation is 1ps
Compiling package xil_defaultlib.aes_types_pkg
Compiling module xil_defaultlib.axi4_lite_if_default
Compiling module xil_defaultlib.axi4_stream_if_default
Compiling module xil_defaultlib.gf_inv
Compiling module xil_defaultlib.aes_sbox
Compiling module xil_defaultlib.aes_key_expand
Compiling module xil_defaultlib.aes_core_default
Compiling module xil_defaultlib.aes_axi_wrapper_default
Compiling module xil_defaultlib.aes_tb
Compiling module xil_defaultlib.glbl
Built simulation snapshot aes_tb_behav
